2019-05-04T00:14:50.272Z - normal: Load ~/.CocosCreator/settings.json
2019-05-04T00:14:50.321Z - normal: Initializing Asset Database
2019-05-04T00:14:50.323Z - normal: checking language setting...
2019-05-04T00:14:50.323Z - normal: Language: zh
2019-05-04T00:14:50.889Z - success: preview server running at http://localhost:7456
2019-05-04T00:14:50.920Z - success: protocol editor-framework registered
2019-05-04T00:14:50.921Z - success: protocol app registered
2019-05-04T00:14:50.921Z - success: protocol theme registered
2019-05-04T00:14:50.921Z - success: protocol packages registered
2019-05-04T00:14:50.921Z - success: protocol uuid registerred
2019-05-04T00:14:50.921Z - success: protocol db registerred
2019-05-04T00:14:50.921Z - success: protocol thumbnail registerred
2019-05-04T00:14:50.921Z - success: protocol unpack registerred
2019-05-04T00:14:50.922Z - success: protocol disable-commonjs registerred
2019-05-04T00:14:51.142Z - normal: connected!
2019-05-04T00:14:51.144Z - normal: Check project /Users/long/Documents/workspace/gameserver3/client
2019-05-04T00:14:51.146Z - normal: Initializing project /Users/long/Documents/workspace/gameserver3/client
2019-05-04T00:14:51.444Z - normal: Initializing Cocos2d
2019-05-04T00:14:52.100Z - normal: Initializing engine extends
2019-05-04T00:14:52.141Z - success: asset-db-debugger loaded
2019-05-04T00:14:52.142Z - success: baidu-adapter loaded
2019-05-04T00:14:52.143Z - success: color-picker loaded
2019-05-04T00:14:52.219Z - success: fb-audience-network loaded
2019-05-04T00:14:52.258Z - success: fb-live-stream loaded
2019-05-04T00:14:52.261Z - success: google-play-instant loaded
2019-05-04T00:14:52.265Z - success: huawei-runtime loaded
2019-05-04T00:14:52.266Z - success: jsb-adapter loaded
2019-05-04T00:14:52.269Z - success: oppo-runtime loaded
2019-05-04T00:14:52.278Z - success: package-manager loaded
2019-05-04T00:14:52.381Z - success: qqplay-adapter loaded
2019-05-04T00:14:52.383Z - success: runtime-dev-tools loaded
2019-05-04T00:14:52.391Z - success: sdkbox loaded
2019-05-04T00:14:52.400Z - success: tester loaded
2019-05-04T00:14:52.409Z - success: ui-grid loaded
2019-05-04T00:14:52.416Z - success: ui-kit-preview-extra loaded
2019-05-04T00:14:52.425Z - success: ui-kit-preview loaded
2019-05-04T00:14:52.432Z - success: ui-kit loaded
2019-05-04T00:14:52.440Z - success: ui-tree loaded
2019-05-04T00:14:52.444Z - success: vivo-runtime loaded
2019-05-04T00:14:52.445Z - success: weapp-adapter loaded
2019-05-04T00:14:52.488Z - success: assets loaded
2019-05-04T00:14:52.495Z - success: builder loaded
2019-05-04T00:14:52.714Z - success: cocos-services loaded
2019-05-04T00:14:52.725Z - success: console loaded
2019-05-04T00:14:52.755Z - success: fb-instant-games loaded
2019-05-04T00:14:52.758Z - success: google-instant-games loaded
2019-05-04T00:14:52.768Z - success: hierarchy loaded
2019-05-04T00:14:52.776Z - success: inspector loaded
2019-05-04T00:14:52.777Z - success: keystore loaded
2019-05-04T00:14:52.787Z - success: node-library loaded
2019-05-04T00:14:52.789Z - success: package-asset loaded
2019-05-04T00:14:52.790Z - success: preferences loaded
2019-05-04T00:14:52.797Z - success: project-exporter loaded
2019-05-04T00:14:52.809Z - success: project-importer loaded
2019-05-04T00:14:52.817Z - success: project-settings loaded
2019-05-04T00:14:52.826Z - success: scene loaded
2019-05-04T00:14:52.827Z - success: simulator-debugger loaded
2019-05-04T00:14:52.829Z - success: sprite-editor loaded
2019-05-04T00:14:52.838Z - success: store loaded
2019-05-04T00:14:52.847Z - success: timeline loaded
2019-05-04T00:14:53.587Z - normal: Loading packages
2019-05-04T00:14:53.591Z - normal: Watching packages
2019-05-04T00:14:53.691Z - normal: Run Application
2019-05-04T00:14:54.337Z - info: Cocos Services load base data!
2019-05-04T00:15:00.593Z - normal: Simulator: WORKAREA WIDTH 1875.00, HEIGHT 1036.00
2019-05-04T00:15:00.593Z - normal: Simulator: FRAME SCALE = 0.75
2019-05-04T00:15:00.655Z - normal: Simulator: GLFWError #65544 Happen, Cocoa: Failed to retrieve display name
2019-05-04T00:15:00.655Z - normal: Simulator: 
2019-05-04T00:15:00.656Z - normal: Simulator: {
2019-05-04T00:15:00.656Z - normal: Simulator: 	build_type: DEBUG
2019-05-04T00:15:00.671Z - normal: Simulator: 	gl.vendor: Intel Inc.
2019-05-04T00:15:00.671Z - normal: Simulator: 	gl.supports_PVRTC: false
2019-05-04T00:15:00.671Z - normal: Simulator: 	gl.renderer: Intel Iris Pro OpenGL Engine
2019-05-04T00:15:00.671Z - normal: Simulator: 	gl.supports_ATITC: false
2019-05-04T00:15:00.672Z - normal: Simulator: 	gl.supports_discard_framebuffer: false
2019-05-04T00:15:00.672Z - normal: Simulator: 	gl.supports_NPOT: true
2019-05-04T00:15:00.672Z - normal: Simulator: 	gl.max_texture_units: 16
2019-05-04T00:15:00.672Z - normal: Simulator: 	gl.supports_ETC1: false
2019-05-04T00:15:00.672Z - normal: Simulator: 	gl.max_texture_size: 16384
2019-05-04T00:15:00.673Z - normal: Simulator: 	gl.supports_BGRA8888: false
2019-05-04T00:15:00.673Z - normal: Simulator: 	gl.supports_vertex_array_object: true
2019-05-04T00:15:00.673Z - normal: Simulator: 	gl.supports_OES_map_buffer: false
2019-05-04T00:15:00.673Z - normal: Simulator: 	compiled_with_gl_state_cache: true
2019-05-04T00:15:00.673Z - normal: Simulator: 	gl.supports_OES_packed_depth_stencil: false
2019-05-04T00:15:00.673Z - normal: Simulator: 	gl.version: 2.1 INTEL-10.32.48
2019-05-04T00:15:00.674Z - normal: Simulator: 	gl.supports_S3TC: true
2019-05-04T00:15:00.674Z - normal: Simulator: 	compiled_with_profiler: false
2019-05-04T00:15:00.674Z - normal: Simulator: 	gl.supports_OES_depth24: false
2019-05-04T00:15:00.674Z - normal: Simulator: }
2019-05-04T00:15:00.709Z - normal: Simulator: Project Config:
2019-05-04T00:15:00.709Z - normal: Simulator:     project dir: /Applications/CocosCreator.app/Contents/Resources/cocos2d-x/simulator/mac/Simulator.app/Contents/Resources/
2019-05-04T00:15:00.710Z - normal: Simulator:     writable path: $(PROJDIR)/
2019-05-04T00:15:00.710Z - normal: Simulator:     script file: $(PROJDIR)/main.js
2019-05-04T00:15:00.710Z - normal: Simulator:     frame size: 750 x 1334
2019-05-04T00:15:00.710Z - normal: Simulator:     frame scale: 0.75
2019-05-04T00:15:00.710Z - normal: Simulator:     show console: NO
2019-05-04T00:15:00.711Z - normal: Simulator:     write debug log: NO ()
2019-05-04T00:15:00.711Z - normal: Simulator:     listen: 
2019-05-04T00:15:00.711Z - normal: Simulator:     debugger: none
2019-05-04T00:15:00.711Z - normal: Simulator:     add searching path:
2019-05-04T00:15:00.712Z - normal: Simulator: resetDesignResolution request
2019-05-04T00:15:00.712Z - normal: Simulator: ------------------------------------------------
2019-05-04T00:15:00.712Z - normal: Simulator: LOAD Js FILE: jsb-adapter/jsb-builtin.js
2019-05-04T00:15:00.712Z - normal: Simulator: ------------------------------------------------
2019-05-04T00:15:00.712Z - normal: Simulator: Initializing V8, version: 6.5.254.43
2019-05-04T00:15:00.713Z - normal: Simulator: libuv version: 1.23.1-dev
2019-05-04T00:15:00.713Z - normal: Simulator: Debugger listening..., visit [ chrome-devtools://devtools/bundled/inspector.html?v8only=true&ws=0.0.0.0:5086/00010002-0003-4004-8005-000600070008 ] in chrome browser to debug!
2019-05-04T00:15:00.713Z - normal: Simulator: For help see https://nodejs.org/en/docs/inspector
2019-05-04T00:15:00.746Z - normal: Simulator: JS: Enable batch GL commands optimization!
2019-05-04T00:15:00.746Z - normal: Simulator: resetDesignResolution request
2019-05-04T00:15:00.746Z - normal: Simulator: ------------------------------------------------
2019-05-04T00:15:00.746Z - normal: Simulator: LOAD Js FILE: main.js
2019-05-04T00:15:00.747Z - normal: Simulator: ------------------------------------------------
2019-05-04T00:15:01.002Z - normal: Simulator: glGetIntegerv: pname: 0x8b4c
2019-05-04T00:15:01.012Z - normal: Simulator: JS: Cocos Creator v2.0.9
2019-05-04T00:15:01.063Z - normal: Simulator: iShow!
2019-05-04T00:15:03.582Z - normal: Simulator: ScriptEngine::cleanup begin ...
2019-05-04T00:15:03.582Z - normal: Simulator: GC begin ..., (js->native map) size: 14, all objects: 88
2019-05-04T00:15:03.607Z - normal: Simulator: GC end ..., (js->native map) size: 14, all objects: 88
2019-05-04T00:15:03.607Z - normal: Simulator: GC begin ..., (js->native map) size: 14, all objects: 88
2019-05-04T00:15:03.628Z - normal: Simulator: GC end ..., (js->native map) size: 14, all objects: 88
2019-05-04T00:15:03.629Z - normal: Simulator: Destroy WebGLProgram (3) by GC
2019-05-04T00:15:03.629Z - normal: Simulator: Destroy WebGLBuffer (3) by GC
2019-05-04T00:15:03.629Z - normal: Simulator: Destroy WebGLBuffer (4) by GC
2019-05-04T00:15:03.629Z - normal: Simulator: Destroy WebGLBuffer (2) by GC
2019-05-04T00:15:03.630Z - normal: Simulator: Destroy WebGLBuffer (1) by GC
2019-05-04T00:15:03.630Z - normal: Simulator: Destroy WebGLTexture (2) by GC
2019-05-04T00:15:03.630Z - normal: Simulator: Destroy WebGLTexture (1) by GC
2019-05-04T00:15:03.631Z - normal: Simulator: GC begin ..., (js->native map) size: 0, all objects: 0
2019-05-04T00:15:03.675Z - normal: Simulator: GC end ..., (js->native map) size: 0, all objects: 0
2019-05-04T00:15:03.676Z - normal: Simulator: ScriptEngine::cleanup end ...
2019-05-04T00:15:06.657Z - info: shutdown preview server
